2 0 10
2 296 277
2 180 295
2 216 12
2 33 102
2 167 174
2 54 141
3 65 57 187
2 85 201
3 212 14 230
2 116 181
2 36 241
2 249 261
2 75 152
2 221 50
2 168 79
2 259 131
2 108 89
2 234 146
3 80 73 286
2 87 48
2 103 59
2 164 32
2 179 217
2 41 265
2 275 101
2 294 106
2 148 219
2 127 177
2 184 119
2 161 209
1 13
2 162 188
2 95 225
1 203
1 213
2 260 42
2 88 91
2 159 205
2 110 207
2 276 232
2 72 27
2 62 16
2 285 158
1 290
2 34 170
2 156 128
2 133 129
2 92 236
2 15 239
2 8 98
2 63 28
2 273 83
3 136 197 299
1 107
2 4 196
2 74 237
2 7 140
2 282 163
1 96
2 210 44
2 150 70
1 271
2 218 190
1 105
2 58 160
1 245
2 227 202
2 19 29
1 125
1 137
2 226 193
1 68
1 21
2 224 61
1 185
2 134 25
1 121
2 144 40
1 214
1 220
1 244
1 111
1 18
1 284
1 243
1 39
1 60
2 171 298
2 246 82
1 11
1 281
2 198 157
1 258
1 113
2 114 56
2 204 38
1 242
1 200
2 99 112
